<?xml version="1.0" encoding="UTF-8"?>
<testsuite xmlns:xsi="http://www.w3.org/2001/XMLSchema-instance" xsi:noNamespaceSchemaLocation="https://maven.apache.org/surefire/maven-surefire-plugin/xsd/surefire-test-report-3.0.xsd" version="3.0" name="com.zarzamontero.PersonaTest" time="0.085" tests="2" errors="0" skipped="0" failures="0">
  <properties>
[...]
</properties>
  <testcase name="testFactory" classname="com.zarzamontero.PersonaTest" time="0.042"/>
  <testcase name="fromString_ShouldThrowException_WhenInputIsNull" classname="com.zarzamontero.PersonaTest" time="0.008"/>
</testsuite>